<?xml version="1.0" encoding="UTF-8"?>
<testsuite name="SimpleBankSystemTest" tests="1" skipped="0" failures="0" errors="0" timestamp="2020-11-27T03:22:32" hostname="LIUTAO2" time="0.686">
  <properties/>
  <testcase name="start" classname="SimpleBankSystemTest" time="0.686"/>
  <system-out><![CDATA[?[1;31m
Start test 1?[0m

1. Create an account
2. Log into account
0. Exit
> 0

Bye!
?[1;31m
Start test 2?[0m

1. Create an account
2. Log into account
0. Exit
> 0

Bye!
?[1;31m
Start test 3?[0m

1. Create an account
2. Log into account
0. Exit
> 0

Bye!
?[1;31m
Start test 4?[0m

1. Create an account
2. Log into account
0. Exit
> 0

Bye!
?[1;31m
Start test 5?[0m

1. Create an account
2. Log into account
0. Exit
> 1

Your card has been created
Your card number:
4000009898736254
Your card PIN:
4657

1. Create an account
2. Log into account
0. Exit
> 1

Your card has been created
Your card number:
4000001218610970
Your card PIN:
3068

1. Create an account
2. Log into account
0. Exit
> 1

Your card has been created
Your card number:
4000001094938701
Your card PIN:
6671

1. Create an account
2. Log into account
0. Exit
> 1

Your card has been created
Your card number:
4000005566987328
Your card PIN:
0248

1. Create an account
2. Log into account
0. Exit
> 1

Your card has been created
Your card number:
4000003818403376
Your card PIN:
0403

1. Create an account
2. Log into account
0. Exit
> 0

Bye!
4000009898736254
4000001218610970
4000001094938701
4000005566987328
4000003818403376
?[1;31m
Start test 6?[0m

1. Create an account
2. Log into account
0. Exit
> 1

Your card has been created
Your card number:
4000002261338691
Your card PIN:
6089

1. Create an account
2. Log into account
0. Exit
> 2

Enter your card number:
> 4000002261338691
Enter your PIN:
> 6089

You have successfully logged in!

1. Balance
2. Add income
3. Do transfer
4. Close account
5. Log out
0. Exit
> 0

Bye!
?[1;31m
Start test 7?[0m

1. Create an account
2. Log into account
0. Exit
> 1

Your card has been created
Your card number:
4000002297085225
Your card PIN:
8435

1. Create an account
2. Log into account
0. Exit
> 2

Enter your card number:
> 4000002297085225
Enter your PIN:
> 8850

Wrong card number or PIN!

1. Create an account
2. Log into account
0. Exit
> 0

Bye!
?[1;31m
Start test 8?[0m

1. Create an account
2. Log into account
0. Exit
> 1

Your card has been created
Your card number:
4000000729325607
Your card PIN:
1837

1. Create an account
2. Log into account
0. Exit
> 2

Enter your card number:
> 400000273965173
Enter your PIN:
> 1837

Wrong card number or PIN!

1. Create an account
2. Log into account
0. Exit
> 0

Bye!
?[1;31m
Start test 9?[0m

1. Create an account
2. Log into account
0. Exit
> 1

Your card has been created
Your card number:
4000008251962606
Your card PIN:
8968

1. Create an account
2. Log into account
0. Exit
> 2

Enter your card number:
> 4000008251962606
Enter your PIN:
> 8968

You have successfully logged in!

1. Balance
2. Add income
3. Do transfer
4. Close account
5. Log out
0. Exit
> 1

Balance: 0

1. Balance
2. Add income
3. Do transfer
4. Close account
5. Log out
0. Exit
> 0

Bye!
?[1;31m
Start test 10?[0m

1. Create an account
2. Log into account
0. Exit
> 1

Your card has been created
Your card number:
4000009349683212
Your card PIN:
7603

1. Create an account
2. Log into account
0. Exit
> 2

Enter your card number:
> 4000009349683212
Enter your PIN:
> 7603

You have successfully logged in!

1. Balance
2. Add income
3. Do transfer
4. Close account
5. Log out
0. Exit
> 2

Enter income:
> 10000
Income was added!

1. Balance
2. Add income
3. Do transfer
4. Close account
5. Log out
0. Exit
> 0

Bye!

1. Create an account
2. Log into account
0. Exit
> 2

Enter your card number:
> 4000009349683212
Enter your PIN:
> 7603

You have successfully logged in!

1. Balance
2. Add income
3. Do transfer
4. Close account
5. Log out
0. Exit
> 2

Enter income:
> 15000
Income was added!

1. Balance
2. Add income
3. Do transfer
4. Close account
5. Log out
0. Exit
> 0

Bye!
?[1;31m
Start test 11?[0m

1. Create an account
2. Log into account
0. Exit
> 1

Your card has been created
Your card number:
4000000168889881
Your card PIN:
4461

1. Create an account
2. Log into account
0. Exit
> 1

Your card has been created
Your card number:
4000003224938437
Your card PIN:
2557

1. Create an account
2. Log into account
0. Exit
> 2

Enter your card number:
> 4000003224938437
Enter your PIN:
> 2557

You have successfully logged in!

1. Balance
2. Add income
3. Do transfer
4. Close account
5. Log out
0. Exit
> 3

Transfer
Enter card number:
> 2000007269641764
Probably you made mistake in the card number. Please try again!

1. Balance
2. Add income
3. Do transfer
4. Close account
5. Log out
0. Exit
> 3

Transfer
Enter card number:
> 2000007269641768
Such a card does not exist.

1. Balance
2. Add income
3. Do transfer
4. Close account
5. Log out
0. Exit
> 3

Transfer
Enter card number:
> 4000000168889881
Enter how much money you want to transfer:
> 100000
Not enough money!

1. Balance
2. Add income
3. Do transfer
4. Close account
5. Log out
0. Exit
> 2

Enter income:
> 20000
Income was added!

1. Balance
2. Add income
3. Do transfer
4. Close account
5. Log out
0. Exit
> 3

Transfer
Enter card number:
> 4000000168889881
Enter how much money you want to transfer:
> 10000
Success!

1. Balance
2. Add income
3. Do transfer
4. Close account
5. Log out
0. Exit
> 0

Bye!
?[1;31m
Start test 12?[0m

1. Create an account
2. Log into account
0. Exit
> 1

Your card has been created
Your card number:
4000009972532470
Your card PIN:
5412

1. Create an account
2. Log into account
0. Exit
> 2

Enter your card number:
> 4000009972532470
Enter your PIN:
> 5412

You have successfully logged in!

1. Balance
2. Add income
3. Do transfer
4. Close account
5. Log out
0. Exit
> 4

The account has been closed!

1. Create an account
2. Log into account
0. Exit
> 0

Bye!
]]></system-out>
  <system-err><![CDATA[]]></system-err>
</testsuite>
